<?xml version="1.0" encoding="UTF-8"?>
<testsuite xmlns:xsi="http://www.w3.org/2001/XMLSchema-instance" xsi:noNamespaceSchemaLocation="https://maven.apache.org/surefire/maven-surefire-plugin/xsd/surefire-test-report-3.0.xsd" version="3.0" name="com.gitfcard.giftcard.GiftcardApplicationTests" time="3.221" tests="1" errors="0" skipped="0" failures="0">
  <properties>
[...]
</properties>
  <testcase name="contextLoads" classname="com.gitfcard.giftcard.GiftcardApplicationTests" time="0.29">
    <system-out><![CDATA[22:29:10.012 [main] INFO org.springframework.test.context.support.AnnotationConfigContextLoaderUtils -- Could not detect default configuration classes for test class [com.gitfcard.giftcard.GiftcardApplicationTests]: GiftcardApplicationTests does not declare any static, non-private, non-final, nested classes annotated with @Configuration.
22:29:10.065 [main] INFO org.springframework.boot.test.context.SpringBootTestContextBootstrapper -- Found @SpringBootConfiguration com.gitfcard.giftcard.GiftcardApplication for test class com.gitfcard.giftcard.GiftcardApplicationTests
22:29:10.132 [main] INFO org.springframework.boot.devtools.restart.RestartApplicationListener -- Restart disabled due to context in which it is running

  .   ____          _            __ _ _
 /\\ / ___'_ __ _ _(_)_ __  __ _ \ \ \ \
( ( )\___ | '_ | '_| | '_ \/ _` | \ \ \ \
 \\/  ___)| |_)| | | | | || (_| |  ) ) ) )
  '  |____| .__|_| |_|_| |_\__, | / / / /
 =========|_|==============|___/=/_/_/_/

 :: Spring Boot ::                (v3.3.4)

2025-06-27T22:29:10.274+04:00  INFO 79935 --- [giftcard] [           main] c.g.giftcard.GiftcardApplicationTests    : Starting GiftcardApplicationTests using Java 21.0.7 with PID 79935 (started by achir in /home/achir/gift/giftcard)
2025-06-27T22:29:10.275+04:00  INFO 79935 --- [giftcard] [           main] c.g.giftcard.GiftcardApplicationTests    : The following 1 profile is active: "test"
2025-06-27T22:29:11.011+04:00  INFO 79935 --- [giftcard] [           main] o.hibernate.jpa.internal.util.LogHelper  : HHH000204: Processing PersistenceUnitInfo [name: default]
2025-06-27T22:29:11.035+04:00  INFO 79935 --- [giftcard] [           main] org.hibernate.Version                    : HHH000412: Hibernate ORM core version 6.5.3.Final
2025-06-27T22:29:11.049+04:00  INFO 79935 --- [giftcard] [           main] o.h.c.internal.RegionFactoryInitiator    : HHH000026: Second-level cache disabled
2025-06-27T22:29:11.219+04:00  INFO 79935 --- [giftcard] [           main] com.zaxxer.hikari.HikariDataSource       : HikariPool-1 - Starting...
2025-06-27T22:29:11.314+04:00  INFO 79935 --- [giftcard] [           main] com.zaxxer.hikari.pool.HikariPool        : HikariPool-1 - Added connection conn0: url=jdbc:h2:mem:testdb user=SA
2025-06-27T22:29:11.315+04:00  INFO 79935 --- [giftcard] [           main] com.zaxxer.hikari.HikariDataSource       : HikariPool-1 - Start completed.
2025-06-27T22:29:11.327+04:00  WARN 79935 --- [giftcard] [           main] org.hibernate.orm.deprecation            : HHH90000025: H2Dialect does not need to be specified explicitly using 'hibernate.dialect' (remove the property setting and it will be selected by default)
2025-06-27T22:29:11.618+04:00  INFO 79935 --- [giftcard] [           main] o.h.m.i.EntityInstantiatorPojoStandard   : HHH000182: No default (no-argument) constructor for class: com.gitfcard.giftcard.entity.GiftCard (class must be instantiated by Interceptor)
2025-06-27T22:29:11.723+04:00  INFO 79935 --- [giftcard] [           main] o.h.e.t.j.p.i.JtaPlatformInitiator       : HHH000489: No JTA platform available (set 'hibernate.transaction.jta.platform' to enable JTA platform integration)
Hibernate: drop table if exists gift_user cascade 
Hibernate: drop table if exists gift_card cascade 
Hibernate: drop table if exists roles cascade 
Hibernate: drop table if exists user_roles cascade 
Hibernate: create table gift_user (user_id bigint generated by default as identity, email varchar(255) unique, first_name varchar(255) not null, last_name varchar(255) not null, password varchar(255) not null, primary key (user_id))
Hibernate: create table gift_card (balance numeric(38,2) not null, redeemed boolean not null, expiration_date timestamp(6) not null, id bigint generated by default as identity, code varchar(255) not null unique, primary key (id))
Hibernate: create table roles (role_name varchar(255) not null, primary key (role_name))
Hibernate: create table user_roles (user_id bigint not null, role_name varchar(255) not null, primary key (user_id, role_name))
Hibernate: alter table if exists user_roles add constraint FKdcdh0gl1mdce42vy0klyio6fi foreign key (role_name) references roles
Hibernate: alter table if exists user_roles add constraint FK2htvrrr05e18ivyt156i437b0 foreign key (user_id) references gift_user
Hibernate: select r1_0.role_name from roles r1_0 where r1_0.role_name=?
Hibernate: select r1_0.role_name,u1_0.role_name,u1_1.user_id,u1_1.email,u1_1.first_name,u1_1.last_name,u1_1.password from roles r1_0 left join user_roles u1_0 on r1_0.role_name=u1_0.role_name left join gift_user u1_1 on u1_1.user_id=u1_0.user_id where r1_0.role_name=?
Hibernate: insert into roles (role_name) values (?)
Role ROLE_USER created.
Hibernate: select r1_0.role_name from roles r1_0 where r1_0.role_name=?
Hibernate: select r1_0.role_name,u1_0.role_name,u1_1.user_id,u1_1.email,u1_1.first_name,u1_1.last_name,u1_1.password from roles r1_0 left join user_roles u1_0 on r1_0.role_name=u1_0.role_name left join gift_user u1_1 on u1_1.user_id=u1_0.user_id where r1_0.role_name=?
Hibernate: insert into roles (role_name) values (?)
Role ROLE_ADMIN created.
2025-06-27T22:29:12.111+04:00  WARN 79935 --- [giftcard] [           main] r$InitializeUserDetailsManagerConfigurer : Global AuthenticationManager configured with an AuthenticationProvider bean. UserDetailsService beans will not be used for username/password login. Consider removing the AuthenticationProvider bean. Alternatively, consider using the UserDetailsService in a manually instantiated DaoAuthenticationProvider.
Hibernate: select u1_0.user_id,u1_0.email,u1_0.first_name,u1_0.last_name,u1_0.password from gift_user u1_0 where u1_0.email=?
Hibernate: select r1_0.role_name from roles r1_0 where r1_0.role_name=?
Hibernate: select u1_0.role_name,u1_1.user_id,u1_1.email,u1_1.first_name,u1_1.last_name,u1_1.password from user_roles u1_0 join gift_user u1_1 on u1_1.user_id=u1_0.user_id where u1_0.role_name=?
Hibernate: select r1_0.role_name from roles r1_0 where r1_0.role_name=?
Hibernate: select u1_0.role_name,u1_1.user_id,u1_1.email,u1_1.first_name,u1_1.last_name,u1_1.password from user_roles u1_0 join gift_user u1_1 on u1_1.user_id=u1_0.user_id where u1_0.role_name=?
Hibernate: insert into gift_user (email,first_name,last_name,password,user_id) values (?,?,?,?,default)
Hibernate: insert into user_roles (user_id,role_name) values (?,?)
Hibernate: insert into user_roles (user_id,role_name) values (?,?)
Admin user created.
2025-06-27T22:29:12.446+04:00  WARN 79935 --- [giftcard] [           main] JpaBaseConfiguration$JpaWebConfiguration : spring.jpa.open-in-view is enabled by default. Therefore, database queries may be performed during view rendering. Explicitly configure spring.jpa.open-in-view to disable this warning
2025-06-27T22:29:12.853+04:00  INFO 79935 --- [giftcard] [           main] c.g.giftcard.GiftcardApplicationTests    : Started GiftcardApplicationTests in 2.727 seconds (process running for 3.154)
]]></system-out>
    <system-err><![CDATA[WARNING: A Java agent has been loaded dynamically (/home/achir/.m2/repository/net/bytebuddy/byte-buddy-agent/1.14.19/byte-buddy-agent-1.14.19.jar)
WARNING: If a serviceability tool is in use, please run with -XX:+EnableDynamicAgentLoading to hide this warning
WARNING: If a serviceability tool is not in use, please run with -Djdk.instrument.traceUsage for more information
WARNING: Dynamic loading of agents will be disallowed by default in a future release
]]></system-err>
  </testcase>
</testsuite>